<?xml version="1.0" encoding="UTF-8"?>
<!-- Generated by org.testng.reporters.JUnitReportReporter -->
<testsuite hostname="DESKTOP-VNQKMTA" failures="0" tests="1" name="maintestscript.NewCateGoryPageTest" time="38.870" errors="0" timestamp="2025-04-01T10:44:20 IST" skipped="0">
  <testcase classname="maintestscript.NewCateGoryPageTest" name="verifyThatUserCanEnterValuesInAllfieldsOfCategory" time="38.870"/>
</testsuite> <!-- maintestscript.NewCateGoryPageTest -->
