<?xml version="1.0" encoding="UTF-8"?>
<!-- Generated by org.testng.reporters.JUnitReportReporter -->
<testsuite hostname="DESKTOP-VNQKMTA" failures="0" tests="1" name="maintestscript.HomePageTest" time="9.087" errors="0" timestamp="2025-03-19T11:37:50 IST" skipped="0">
  <testcase classname="maintestscript.HomePageTest" name="verifyLogoutFromApplicationIsWorking" time="9.087"/>
</testsuite> <!-- maintestscript.HomePageTest -->
