<?xml version="1.0" encoding="UTF-8"?>
<!-- Generated by org.testng.reporters.JUnitReportReporter -->
<testsuite hostname="DESKTOP-VNQKMTA" failures="0" tests="1" name="maintestscript.NewSubCategoryPageTest" time="10.787" errors="0" timestamp="2025-03-31T11:09:29 IST" skipped="0">
  <testcase classname="maintestscript.NewSubCategoryPageTest" name="verifyWhetherUserCanEnterSubCategoryDetailsSuccessfully" time="10.787"/>
</testsuite> <!-- maintestscript.NewSubCategoryPageTest -->
