<?xml version="1.0" encoding="UTF-8"?>
<!-- Generated by org.testng.reporters.JUnitReportReporter -->
<testsuite hostname="DESKTOP-VNQKMTA" failures="0" tests="1" name="maintestscript.NewAdminUserPageTest" time="12.097" errors="0" timestamp="2025-03-27T18:04:52 IST" skipped="0">
  <testcase classname="maintestscript.NewAdminUserPageTest" name="verifyValuesEnteredInAllFieldsForCreatiingNewUser" time="12.097"/>
</testsuite> <!-- maintestscript.NewAdminUserPageTest -->
