<?xml version="1.0" encoding="UTF-8"?>
<!-- Generated by org.testng.reporters.JUnitReportReporter -->
<testsuite hostname="DESKTOP-VNQKMTA" failures="0" tests="1" name="maintestscript.CategoryPageTest" time="14.301" errors="0" timestamp="2025-03-31T10:57:33 IST" skipped="0">
  <testcase classname="maintestscript.CategoryPageTest" name="verifyUserCanClickOnCategory" time="14.301"/>
</testsuite> <!-- maintestscript.CategoryPageTest -->
